<?xml version="1.0" encoding="UTF-8"?>
<testsuite xmlns:xsi="http://www.w3.org/2001/XMLSchema-instance" xsi:noNamespaceSchemaLocation="https://maven.apache.org/surefire/maven-surefire-plugin/xsd/surefire-test-report-3.0.xsd" version="3.0" name="apitestingsuite.ProductAPITesting" time="7.111" tests="30" errors="0" skipped="0" failures="0">
  <properties>
    <property name="java.specification.version" value="17"/>
    <property name="sun.cpu.isalist" value="amd64"/>
    <property name="sun.jnu.encoding" value="Cp1252"/>
    <property name="java.class.path" value="D:\Code\RestAssuredJenkinsSprint\target\test-classes;D:\Code\RestAssuredJenkinsSprint\target\classes;C:\Users\zento\.m2\repository\io\rest-assured\rest-assured\5.3.0\rest-assured-5.3.0.jar;C:\Users\zento\.m2\repository\org\apache\groovy\groovy\4.0.6\groovy-4.0.6.jar;C:\Users\zento\.m2\repository\org\apache\groovy\groovy-xml\4.0.6\groovy-xml-4.0.6.jar;C:\Users\zento\.m2\repository\org\apache\httpcomponents\httpclient\4.5.13\httpclient-4.5.13.jar;C:\Users\zento\.m2\repository\org\apache\httpcomponents\httpcore\4.4.13\httpcore-4.4.13.jar;C:\Users\zento\.m2\repository\commons-logging\commons-logging\1.2\commons-logging-1.2.jar;C:\Users\zento\.m2\repository\org\apache\httpcomponents\httpmime\4.5.13\httpmime-4.5.13.jar;C:\Users\zento\.m2\repository\org\hamcrest\hamcrest\2.1\hamcrest-2.1.jar;C:\Users\zento\.m2\repository\org\ccil\cowan\tagsoup\tagsoup\1.2.1\tagsoup-1.2.1.jar;C:\Users\zento\.m2\repository\io\rest-assured\json-path\5.3.0\json-path-5.3.0.jar;C:\Users\zento\.m2\repository\org\apache\groovy\groovy-json\4.0.6\groovy-json-4.0.6.jar;C:\Users\zento\.m2\repository\io\rest-assured\rest-assured-common\5.3.0\rest-assured-common-5.3.0.jar;C:\Users\zento\.m2\repository\io\rest-assured\xml-path\5.3.0\xml-path-5.3.0.jar;C:\Users\zento\.m2\repository\org\apache\commons\commons-lang3\3.11\commons-lang3-3.11.jar;C:\Users\zento\.m2\repository\org\testng\testng\7.8.0\testng-7.8.0.jar;C:\Users\zento\.m2\repository\org\slf4j\slf4j-api\1.7.36\slf4j-api-1.7.36.jar;C:\Users\zento\.m2\repository\com\beust\jcommander\1.82\jcommander-1.82.jar;C:\Users\zento\.m2\repository\org\webjars\jquery\3.6.1\jquery-3.6.1.jar;C:\Users\zento\.m2\repository\org\apache\poi\poi\5.2.3\poi-5.2.3.jar;C:\Users\zento\.m2\repository\commons-codec\commons-codec\1.15\commons-codec-1.15.jar;C:\Users\zento\.m2\repository\org\apache\commons\commons-collections4\4.4\commons-collections4-4.4.jar;C:\Users\zento\.m2\repository\org\apache\commons\commons-math3\3.6.1\commons-math3-3.6.1.jar;C:\Users\zento\.m2\repository\commons-io\commons-io\2.11.0\commons-io-2.11.0.jar;C:\Users\zento\.m2\repository\com\zaxxer\SparseBitSet\1.2\SparseBitSet-1.2.jar;C:\Users\zento\.m2\repository\org\apache\logging\log4j\log4j-api\2.18.0\log4j-api-2.18.0.jar;C:\Users\zento\.m2\repository\org\apache\poi\poi-ooxml\5.2.3\poi-ooxml-5.2.3.jar;C:\Users\zento\.m2\repository\org\apache\poi\poi-ooxml-lite\5.2.3\poi-ooxml-lite-5.2.3.jar;C:\Users\zento\.m2\repository\org\apache\xmlbeans\xmlbeans\5.1.1\xmlbeans-5.1.1.jar;C:\Users\zento\.m2\repository\org\apache\commons\commons-compress\1.21\commons-compress-1.21.jar;C:\Users\zento\.m2\repository\com\github\virtuald\curvesapi\1.07\curvesapi-1.07.jar;C:\Users\zento\.m2\repository\org\json\json\20240303\json-20240303.jar;C:\Users\zento\.m2\repository\com\aventstack\extentreports\5.1.1\extentreports-5.1.1.jar;C:\Users\zento\.m2\repository\io\reactivex\rxjava3\rxjava\3.1.6\rxjava-3.1.6.jar;C:\Users\zento\.m2\repository\org\reactivestreams\reactive-streams\1.0.4\reactive-streams-1.0.4.jar;C:\Users\zento\.m2\repository\org\freemarker\freemarker\2.3.32\freemarker-2.3.32.jar;C:\Users\zento\.m2\repository\org\projectlombok\lombok\1.18.26\lombok-1.18.26.jar;C:\Users\zento\.m2\repository\com\google\code\gson\gson\2.10.1\gson-2.10.1.jar;"/>
    <property name="java.vm.vendor" value="Oracle Corporation"/>
    <property name="sun.arch.data.model" value="64"/>
    <property name="user.variant" value=""/>
    <property name="java.vendor.url" value="https://java.oracle.com/"/>
    <property name="user.timezone" value="Asia/Calcutta"/>
    <property name="os.name" value="Windows 11"/>
    <property name="java.vm.specification.version" value="17"/>
    <property name="user.country" value="US"/>
    <property name="sun.java.launcher" value="SUN_STANDARD"/>
    <property name="sun.boot.library.path" value="C:\Others\Java\jdk-17\bin"/>
    <property name="sun.java.command" value="C:\Users\zento\AppData\Local\Temp\surefire13704070109740042839\surefirebooter-20250827155320686_3.jar C:\Users\zento\AppData\Local\Temp\surefire13704070109740042839 2025-08-27T15-53-20_523-jvmRun1 surefire-20250827155320686_1tmp surefire_0-20250827155320686_2tmp"/>
    <property name="jdk.debug" value="release"/>
    <property name="test" value="apitestingsuite.ProductAPITesting"/>
    <property name="surefire.test.class.path" value="D:\Code\RestAssuredJenkinsSprint\target\test-classes;D:\Code\RestAssuredJenkinsSprint\target\classes;C:\Users\zento\.m2\repository\io\rest-assured\rest-assured\5.3.0\rest-assured-5.3.0.jar;C:\Users\zento\.m2\repository\org\apache\groovy\groovy\4.0.6\groovy-4.0.6.jar;C:\Users\zento\.m2\repository\org\apache\groovy\groovy-xml\4.0.6\groovy-xml-4.0.6.jar;C:\Users\zento\.m2\repository\org\apache\httpcomponents\httpclient\4.5.13\httpclient-4.5.13.jar;C:\Users\zento\.m2\repository\org\apache\httpcomponents\httpcore\4.4.13\httpcore-4.4.13.jar;C:\Users\zento\.m2\repository\commons-logging\commons-logging\1.2\commons-logging-1.2.jar;C:\Users\zento\.m2\repository\org\apache\httpcomponents\httpmime\4.5.13\httpmime-4.5.13.jar;C:\Users\zento\.m2\repository\org\hamcrest\hamcrest\2.1\hamcrest-2.1.jar;C:\Users\zento\.m2\repository\org\ccil\cowan\tagsoup\tagsoup\1.2.1\tagsoup-1.2.1.jar;C:\Users\zento\.m2\repository\io\rest-assured\json-path\5.3.0\json-path-5.3.0.jar;C:\Users\zento\.m2\repository\org\apache\groovy\groovy-json\4.0.6\groovy-json-4.0.6.jar;C:\Users\zento\.m2\repository\io\rest-assured\rest-assured-common\5.3.0\rest-assured-common-5.3.0.jar;C:\Users\zento\.m2\repository\io\rest-assured\xml-path\5.3.0\xml-path-5.3.0.jar;C:\Users\zento\.m2\repository\org\apache\commons\commons-lang3\3.11\commons-lang3-3.11.jar;C:\Users\zento\.m2\repository\org\testng\testng\7.8.0\testng-7.8.0.jar;C:\Users\zento\.m2\repository\org\slf4j\slf4j-api\1.7.36\slf4j-api-1.7.36.jar;C:\Users\zento\.m2\repository\com\beust\jcommander\1.82\jcommander-1.82.jar;C:\Users\zento\.m2\repository\org\webjars\jquery\3.6.1\jquery-3.6.1.jar;C:\Users\zento\.m2\repository\org\apache\poi\poi\5.2.3\poi-5.2.3.jar;C:\Users\zento\.m2\repository\commons-codec\commons-codec\1.15\commons-codec-1.15.jar;C:\Users\zento\.m2\repository\org\apache\commons\commons-collections4\4.4\commons-collections4-4.4.jar;C:\Users\zento\.m2\repository\org\apache\commons\commons-math3\3.6.1\commons-math3-3.6.1.jar;C:\Users\zento\.m2\repository\commons-io\commons-io\2.11.0\commons-io-2.11.0.jar;C:\Users\zento\.m2\repository\com\zaxxer\SparseBitSet\1.2\SparseBitSet-1.2.jar;C:\Users\zento\.m2\repository\org\apache\logging\log4j\log4j-api\2.18.0\log4j-api-2.18.0.jar;C:\Users\zento\.m2\repository\org\apache\poi\poi-ooxml\5.2.3\poi-ooxml-5.2.3.jar;C:\Users\zento\.m2\repository\org\apache\poi\poi-ooxml-lite\5.2.3\poi-ooxml-lite-5.2.3.jar;C:\Users\zento\.m2\repository\org\apache\xmlbeans\xmlbeans\5.1.1\xmlbeans-5.1.1.jar;C:\Users\zento\.m2\repository\org\apache\commons\commons-compress\1.21\commons-compress-1.21.jar;C:\Users\zento\.m2\repository\com\github\virtuald\curvesapi\1.07\curvesapi-1.07.jar;C:\Users\zento\.m2\repository\org\json\json\20240303\json-20240303.jar;C:\Users\zento\.m2\repository\com\aventstack\extentreports\5.1.1\extentreports-5.1.1.jar;C:\Users\zento\.m2\repository\io\reactivex\rxjava3\rxjava\3.1.6\rxjava-3.1.6.jar;C:\Users\zento\.m2\repository\org\reactivestreams\reactive-streams\1.0.4\reactive-streams-1.0.4.jar;C:\Users\zento\.m2\repository\org\freemarker\freemarker\2.3.32\freemarker-2.3.32.jar;C:\Users\zento\.m2\repository\org\projectlombok\lombok\1.18.26\lombok-1.18.26.jar;C:\Users\zento\.m2\repository\com\google\code\gson\gson\2.10.1\gson-2.10.1.jar;"/>
    <property name="sun.cpu.endian" value="little"/>
    <property name="user.home" value="C:\Users\zento"/>
    <property name="user.language" value="en"/>
    <property name="java.specification.vendor" value="Oracle Corporation"/>
    <property name="java.version.date" value="2024-10-15"/>
    <property name="java.home" value="C:\Others\Java\jdk-17"/>
    <property name="file.separator" value="\"/>
    <property name="basedir" value="D:\Code\RestAssuredJenkinsSprint"/>
    <property name="java.vm.compressedOopsMode" value="Zero based"/>
    <property name="line.separator" value="&#10;"/>
    <property name="java.vm.specification.vendor" value="Oracle Corporation"/>
    <property name="java.specification.name" value="Java Platform API Specification"/>
    <property name="surefire.real.class.path" value="C:\Users\zento\AppData\Local\Temp\surefire13704070109740042839\surefirebooter-20250827155320686_3.jar"/>
    <property name="user.script" value=""/>
    <property name="sun.management.compiler" value="HotSpot 64-Bit Tiered Compilers"/>
    <property name="java.runtime.version" value="17.0.13+10-LTS-268"/>
    <property name="user.name" value="zento"/>
    <property name="path.separator" value=";"/>
    <property name="os.version" value="10.0"/>
    <property name="java.runtime.name" value="Java(TM) SE Runtime Environment"/>
    <property name="file.encoding" value="Cp1252"/>
    <property name="java.vm.name" value="Java HotSpot(TM) 64-Bit Server VM"/>
    <property name="maven.ext.class.path" value="C:\Users\zento\.vscode\extensions\oracle.oracle-java-24.0.0\nbcode\java\maven-nblib\netbeans-eventspy.jar"/>
    <property name="localRepository" value="C:\Users\zento\.m2\repository"/>
    <property name="java.vendor.url.bug" value="https://bugreport.java.com/bugreport/"/>
    <property name="java.io.tmpdir" value="C:\Users\zento\AppData\Local\Temp\"/>
    <property name="java.version" value="17.0.13"/>
    <property name="user.dir" value="D:\Code\RestAssuredJenkinsSprint"/>
    <property name="os.arch" value="amd64"/>
    <property name="java.vm.specification.name" value="Java Virtual Machine Specification"/>
    <property name="sun.os.patch.level" value=""/>
    <property name="native.encoding" value="Cp1252"/>
    <property name="java.library.path" value="C:\Others\Java\jdk-17\bin;C:\WINDOWS\Sun\Java\bin;C:\WINDOWS\system32;C:\WINDOWS;C:\Others\21c\dbhomeXE\bin;C:\Windows\system32;C:\Windows;C:\Windows\System32\Wbem;C:\Windows\System32\WindowsPowerShell\v1.0\;C:\Windows\System32\OpenSSH\;C:\Program Files (x86)\NVIDIA Corporation\PhysX\Common;C:\Program Files\Microsoft VS Code\bin;C:\Others\flutter\bin;C:\Others\mingw\bin;C:\Program Files\nodejs\;C:\ProgramData\chocolatey\bin;C:\Others\Java\jdk-17\bin;C:\Users\zento\AppData\Local\Pub\Cache\bin;C:\Users\zento\AppData\Local\Programs\Python\Python312\Scripts\;C:\Users\zento\AppData\Local\Programs\Python\Python312\;C:\Program Files\dotnet\;C:\Program Files\NVIDIA Corporation\NVIDIA app\NvDLISR;C:\WINDOWS\system32;C:\WINDOWS;C:\WINDOWS\System32\Wbem;C:\WINDOWS\System32\WindowsPowerShell\v1.0\;C:\WINDOWS\System32\OpenSSH\;C:\Program Files\wkhtmltopdf\bin;C:\Others\access;C:\Others\instantclient_23_7\;C:\Others\sqldeveloper\;C:\Program Files\Git\cmd;C:\Program Files\CMake\bin;C:\Others\Java\jdk-17\bin;C:\Others\apache-maven-3.9.11\bin;C:\Program Files\Jenkins;;C:\Program Files\Docker\Docker\resources\bin;C:\Users\zento\AppData\Local\Programs\Python\Python312\Scripts\;C:\Users\zento\AppData\Local\Programs\Python\Python312\;C:\Program Files\Python313\;C:\Program Files\Python313\Scripts\;C:\Users\zento\AppData\Local\Microsoft\WindowsApps;C:\Others\flutter\bin;C:\Others\mingw\bin;C:\Users\zento\AppData\Roaming\npm;C:\Others\Java\jdk-17\bin;C:\Users\zento\AppData\Local\Pub\Cache\bin;C:\Users\zento\AppData\Local\Programs\Ollama;C:\Program Files\wkhtmltopdf\bin;C:\Program Files (x86)\MongoDB Atlas CLI\;?C:\Others\access;C:\Others\instantclient_23_7\;C:\Others\sqldeveloper\;C:\Others\Java\jdk-17\bin;C:\Others\apache-maven-3.9.11\bin;C:\Program Files\Jenkins;;."/>
    <property name="java.vm.info" value="mixed mode, sharing"/>
    <property name="java.vendor" value="Oracle Corporation"/>
    <property name="java.vm.version" value="17.0.13+10-LTS-268"/>
    <property name="java.specification.maintenance.version" value="1"/>
    <property name="sun.io.unicode.encoding" value="UnicodeLittle"/>
    <property name="java.class.version" value="61.0"/>
  </properties>
  <testcase name="addProduct[{&quot;amount&quot;:15000,&quot;name&quot;:&quot;Mobile&quot;,&quot;id&quot;:1}](1)" classname="apitestingsuite.ProductAPITesting" time="0.207">
    <system-err><![CDATA[SLF4J: Failed to load class "org.slf4j.impl.StaticLoggerBinder".
SLF4J: Defaulting to no-operation (NOP) logger implementation
SLF4J: See http://www.slf4j.org/codes.html#StaticLoggerBinder for further details.
]]></system-err>
  </testcase>
  <testcase name="addProduct[{&quot;amount&quot;:60000,&quot;name&quot;:&quot;Laptop&quot;,&quot;id&quot;:2}](2)" classname="apitestingsuite.ProductAPITesting" time="0.16"/>
  <testcase name="addProduct[{&quot;amount&quot;:40000,&quot;name&quot;:&quot;SmartTv&quot;,&quot;id&quot;:3}](3)" classname="apitestingsuite.ProductAPITesting" time="0.151"/>
  <testcase name="addProduct[{&quot;amount&quot;:45000,&quot;name&quot;:&quot;TV&quot;,&quot;id&quot;:4}](4)" classname="apitestingsuite.ProductAPITesting" time="0.154"/>
  <testcase name="addProduct[{&quot;amount&quot;:3500,&quot;name&quot;:&quot;Headphone&quot;,&quot;id&quot;:5}](5)" classname="apitestingsuite.ProductAPITesting" time="0.153"/>
  <testcase name="deleteProdcutbyId[{&quot;amount&quot;:15000,&quot;name&quot;:&quot;Mobile&quot;,&quot;id&quot;:1}](1)" classname="apitestingsuite.ProductAPITesting" time="0.155"/>
  <testcase name="deleteProdcutbyId[{&quot;amount&quot;:60000,&quot;name&quot;:&quot;Laptop&quot;,&quot;id&quot;:2}](2)" classname="apitestingsuite.ProductAPITesting" time="0.167"/>
  <testcase name="deleteProdcutbyId[{&quot;amount&quot;:40000,&quot;name&quot;:&quot;SmartTv&quot;,&quot;id&quot;:3}](3)" classname="apitestingsuite.ProductAPITesting" time="0.161"/>
  <testcase name="deleteProdcutbyId[{&quot;amount&quot;:45000,&quot;name&quot;:&quot;TV&quot;,&quot;id&quot;:4}](4)" classname="apitestingsuite.ProductAPITesting" time="0.161"/>
  <testcase name="deleteProdcutbyId[{&quot;amount&quot;:3500,&quot;name&quot;:&quot;Headphone&quot;,&quot;id&quot;:5}](5)" classname="apitestingsuite.ProductAPITesting" time="0.153"/>
  <testcase name="updateProduct[{&quot;amount&quot;:15000,&quot;name&quot;:&quot;Mobile&quot;,&quot;id&quot;:1}](1)" classname="apitestingsuite.ProductAPITesting" time="0.135"/>
  <testcase name="updateProduct[{&quot;amount&quot;:60000,&quot;name&quot;:&quot;Laptop&quot;,&quot;id&quot;:2}](2)" classname="apitestingsuite.ProductAPITesting" time="0.148"/>
  <testcase name="updateProduct[{&quot;amount&quot;:40000,&quot;name&quot;:&quot;SmartTv&quot;,&quot;id&quot;:3}](3)" classname="apitestingsuite.ProductAPITesting" time="0.143"/>
  <testcase name="updateProduct[{&quot;amount&quot;:45000,&quot;name&quot;:&quot;TV&quot;,&quot;id&quot;:4}](4)" classname="apitestingsuite.ProductAPITesting" time="0.165"/>
  <testcase name="updateProduct[{&quot;amount&quot;:3500,&quot;name&quot;:&quot;Headphone&quot;,&quot;id&quot;:5}](5)" classname="apitestingsuite.ProductAPITesting" time="0.148"/>
  <testcase name="viewAllProducts[{&quot;amount&quot;:15000,&quot;name&quot;:&quot;Mobile&quot;,&quot;id&quot;:1}](1)" classname="apitestingsuite.ProductAPITesting" time="0.136"/>
  <testcase name="viewAllProducts[{&quot;amount&quot;:60000,&quot;name&quot;:&quot;Laptop&quot;,&quot;id&quot;:2}](2)" classname="apitestingsuite.ProductAPITesting" time="0.145"/>
  <testcase name="viewAllProducts[{&quot;amount&quot;:40000,&quot;name&quot;:&quot;SmartTv&quot;,&quot;id&quot;:3}](3)" classname="apitestingsuite.ProductAPITesting" time="0.163"/>
  <testcase name="viewAllProducts[{&quot;amount&quot;:45000,&quot;name&quot;:&quot;TV&quot;,&quot;id&quot;:4}](4)" classname="apitestingsuite.ProductAPITesting" time="0.146"/>
  <testcase name="viewAllProducts[{&quot;amount&quot;:3500,&quot;name&quot;:&quot;Headphone&quot;,&quot;id&quot;:5}](5)" classname="apitestingsuite.ProductAPITesting" time="0.194"/>
  <testcase name="viewProductbyId[{&quot;amount&quot;:15000,&quot;name&quot;:&quot;Mobile&quot;,&quot;id&quot;:1}](1)" classname="apitestingsuite.ProductAPITesting" time="0.138"/>
  <testcase name="viewProductbyId[{&quot;amount&quot;:60000,&quot;name&quot;:&quot;Laptop&quot;,&quot;id&quot;:2}](2)" classname="apitestingsuite.ProductAPITesting" time="0.157"/>
  <testcase name="viewProductbyId[{&quot;amount&quot;:40000,&quot;name&quot;:&quot;SmartTv&quot;,&quot;id&quot;:3}](3)" classname="apitestingsuite.ProductAPITesting" time="0.148"/>
  <testcase name="viewProductbyId[{&quot;amount&quot;:45000,&quot;name&quot;:&quot;TV&quot;,&quot;id&quot;:4}](4)" classname="apitestingsuite.ProductAPITesting" time="0.156"/>
  <testcase name="viewProductbyId[{&quot;amount&quot;:3500,&quot;name&quot;:&quot;Headphone&quot;,&quot;id&quot;:5}](5)" classname="apitestingsuite.ProductAPITesting" time="0.147"/>
  <testcase name="viewProductbyName[{&quot;amount&quot;:15000,&quot;name&quot;:&quot;Mobile&quot;,&quot;id&quot;:1}](1)" classname="apitestingsuite.ProductAPITesting" time="0.14"/>
  <testcase name="viewProductbyName[{&quot;amount&quot;:60000,&quot;name&quot;:&quot;Laptop&quot;,&quot;id&quot;:2}](2)" classname="apitestingsuite.ProductAPITesting" time="0.175"/>
  <testcase name="viewProductbyName[{&quot;amount&quot;:40000,&quot;name&quot;:&quot;SmartTv&quot;,&quot;id&quot;:3}](3)" classname="apitestingsuite.ProductAPITesting" time="0.145"/>
  <testcase name="viewProductbyName[{&quot;amount&quot;:45000,&quot;name&quot;:&quot;TV&quot;,&quot;id&quot;:4}](4)" classname="apitestingsuite.ProductAPITesting" time="0.159"/>
  <testcase name="viewProductbyName[{&quot;amount&quot;:3500,&quot;name&quot;:&quot;Headphone&quot;,&quot;id&quot;:5}](5)" classname="apitestingsuite.ProductAPITesting" time="0.157"/>
</testsuite>