<?xml version="1.0" encoding="UTF-8"?>
<testsuite xmlns:xsi="http://www.w3.org/2001/XMLSchema-instance" xsi:noNamespaceSchemaLocation="https://maven.apache.org/surefire/maven-surefire-plugin/xsd/surefire-test-report-3.0.xsd" version="3.0" name="TestSuite" time="6.341" tests="30" errors="0" skipped="0" failures="0">
  <properties>
    <property name="java.specification.version" value="21"/>
    <property name="sun.cpu.isalist" value="amd64"/>
    <property name="sun.jnu.encoding" value="Cp1252"/>
    <property name="java.class.path" value="E:\Code\Cognizant_Java\internship\Sprint4\target\test-classes;E:\Code\Cognizant_Java\internship\Sprint4\target\classes;C:\Users\zento\.m2\repository\io\rest-assured\rest-assured\5.3.0\rest-assured-5.3.0.jar;C:\Users\zento\.m2\repository\org\apache\groovy\groovy\4.0.6\groovy-4.0.6.jar;C:\Users\zento\.m2\repository\org\apache\groovy\groovy-xml\4.0.6\groovy-xml-4.0.6.jar;C:\Users\zento\.m2\repository\org\apache\httpcomponents\httpclient\4.5.13\httpclient-4.5.13.jar;C:\Users\zento\.m2\repository\org\apache\httpcomponents\httpcore\4.4.13\httpcore-4.4.13.jar;C:\Users\zento\.m2\repository\commons-logging\commons-logging\1.2\commons-logging-1.2.jar;C:\Users\zento\.m2\repository\org\apache\httpcomponents\httpmime\4.5.13\httpmime-4.5.13.jar;C:\Users\zento\.m2\repository\org\hamcrest\hamcrest\2.1\hamcrest-2.1.jar;C:\Users\zento\.m2\repository\org\ccil\cowan\tagsoup\tagsoup\1.2.1\tagsoup-1.2.1.jar;C:\Users\zento\.m2\repository\io\rest-assured\json-path\5.3.0\json-path-5.3.0.jar;C:\Users\zento\.m2\repository\org\apache\groovy\groovy-json\4.0.6\groovy-json-4.0.6.jar;C:\Users\zento\.m2\repository\io\rest-assured\rest-assured-common\5.3.0\rest-assured-common-5.3.0.jar;C:\Users\zento\.m2\repository\io\rest-assured\xml-path\5.3.0\xml-path-5.3.0.jar;C:\Users\zento\.m2\repository\org\apache\commons\commons-lang3\3.11\commons-lang3-3.11.jar;C:\Users\zento\.m2\repository\org\testng\testng\7.8.0\testng-7.8.0.jar;C:\Users\zento\.m2\repository\org\slf4j\slf4j-api\1.7.36\slf4j-api-1.7.36.jar;C:\Users\zento\.m2\repository\com\beust\jcommander\1.82\jcommander-1.82.jar;C:\Users\zento\.m2\repository\org\webjars\jquery\3.6.1\jquery-3.6.1.jar;C:\Users\zento\.m2\repository\org\apache\poi\poi\5.2.3\poi-5.2.3.jar;C:\Users\zento\.m2\repository\commons-codec\commons-codec\1.15\commons-codec-1.15.jar;C:\Users\zento\.m2\repository\org\apache\commons\commons-collections4\4.4\commons-collections4-4.4.jar;C:\Users\zento\.m2\repository\org\apache\commons\commons-math3\3.6.1\commons-math3-3.6.1.jar;C:\Users\zento\.m2\repository\commons-io\commons-io\2.11.0\commons-io-2.11.0.jar;C:\Users\zento\.m2\repository\com\zaxxer\SparseBitSet\1.2\SparseBitSet-1.2.jar;C:\Users\zento\.m2\repository\org\apache\logging\log4j\log4j-api\2.18.0\log4j-api-2.18.0.jar;C:\Users\zento\.m2\repository\org\apache\poi\poi-ooxml\5.2.3\poi-ooxml-5.2.3.jar;C:\Users\zento\.m2\repository\org\apache\poi\poi-ooxml-lite\5.2.3\poi-ooxml-lite-5.2.3.jar;C:\Users\zento\.m2\repository\org\apache\xmlbeans\xmlbeans\5.1.1\xmlbeans-5.1.1.jar;C:\Users\zento\.m2\repository\org\apache\commons\commons-compress\1.21\commons-compress-1.21.jar;C:\Users\zento\.m2\repository\com\github\virtuald\curvesapi\1.07\curvesapi-1.07.jar;C:\Users\zento\.m2\repository\org\json\json\20240303\json-20240303.jar;C:\Users\zento\.m2\repository\com\aventstack\extentreports\5.1.1\extentreports-5.1.1.jar;C:\Users\zento\.m2\repository\io\reactivex\rxjava3\rxjava\3.1.6\rxjava-3.1.6.jar;C:\Users\zento\.m2\repository\org\reactivestreams\reactive-streams\1.0.4\reactive-streams-1.0.4.jar;C:\Users\zento\.m2\repository\org\freemarker\freemarker\2.3.32\freemarker-2.3.32.jar;C:\Users\zento\.m2\repository\org\projectlombok\lombok\1.18.26\lombok-1.18.26.jar;C:\Users\zento\.m2\repository\com\google\code\gson\gson\2.10.1\gson-2.10.1.jar;"/>
    <property name="java.vm.vendor" value="Eclipse Adoptium"/>
    <property name="sun.arch.data.model" value="64"/>
    <property name="user.variant" value=""/>
    <property name="java.vendor.url" value="https://adoptium.net/"/>
    <property name="user.timezone" value="Asia/Calcutta"/>
    <property name="os.name" value="Windows 11"/>
    <property name="java.vm.specification.version" value="21"/>
    <property name="sun.java.launcher" value="SUN_STANDARD"/>
    <property name="user.country" value="US"/>
    <property name="sun.boot.library.path" value="C:\Users\zento\.p2\pool\plugins\org.eclipse.justj.openjdk.hotspot.jre.full.win32.x86_64_21.0.7.v20250502-0916\jre\bin"/>
    <property name="sun.java.command" value="C:\Users\zento\AppData\Local\Temp\surefire5094956288007290431\surefirebooter-20250813094506158_3.jar C:\Users\zento\AppData\Local\Temp\surefire5094956288007290431 2025-08-13T09-45-06_068-jvmRun1 surefire-20250813094506158_1tmp surefire_0-20250813094506158_2tmp"/>
    <property name="jdk.debug" value="release"/>
    <property name="surefire.test.class.path" value="E:\Code\Cognizant_Java\internship\Sprint4\target\test-classes;E:\Code\Cognizant_Java\internship\Sprint4\target\classes;C:\Users\zento\.m2\repository\io\rest-assured\rest-assured\5.3.0\rest-assured-5.3.0.jar;C:\Users\zento\.m2\repository\org\apache\groovy\groovy\4.0.6\groovy-4.0.6.jar;C:\Users\zento\.m2\repository\org\apache\groovy\groovy-xml\4.0.6\groovy-xml-4.0.6.jar;C:\Users\zento\.m2\repository\org\apache\httpcomponents\httpclient\4.5.13\httpclient-4.5.13.jar;C:\Users\zento\.m2\repository\org\apache\httpcomponents\httpcore\4.4.13\httpcore-4.4.13.jar;C:\Users\zento\.m2\repository\commons-logging\commons-logging\1.2\commons-logging-1.2.jar;C:\Users\zento\.m2\repository\org\apache\httpcomponents\httpmime\4.5.13\httpmime-4.5.13.jar;C:\Users\zento\.m2\repository\org\hamcrest\hamcrest\2.1\hamcrest-2.1.jar;C:\Users\zento\.m2\repository\org\ccil\cowan\tagsoup\tagsoup\1.2.1\tagsoup-1.2.1.jar;C:\Users\zento\.m2\repository\io\rest-assured\json-path\5.3.0\json-path-5.3.0.jar;C:\Users\zento\.m2\repository\org\apache\groovy\groovy-json\4.0.6\groovy-json-4.0.6.jar;C:\Users\zento\.m2\repository\io\rest-assured\rest-assured-common\5.3.0\rest-assured-common-5.3.0.jar;C:\Users\zento\.m2\repository\io\rest-assured\xml-path\5.3.0\xml-path-5.3.0.jar;C:\Users\zento\.m2\repository\org\apache\commons\commons-lang3\3.11\commons-lang3-3.11.jar;C:\Users\zento\.m2\repository\org\testng\testng\7.8.0\testng-7.8.0.jar;C:\Users\zento\.m2\repository\org\slf4j\slf4j-api\1.7.36\slf4j-api-1.7.36.jar;C:\Users\zento\.m2\repository\com\beust\jcommander\1.82\jcommander-1.82.jar;C:\Users\zento\.m2\repository\org\webjars\jquery\3.6.1\jquery-3.6.1.jar;C:\Users\zento\.m2\repository\org\apache\poi\poi\5.2.3\poi-5.2.3.jar;C:\Users\zento\.m2\repository\commons-codec\commons-codec\1.15\commons-codec-1.15.jar;C:\Users\zento\.m2\repository\org\apache\commons\commons-collections4\4.4\commons-collections4-4.4.jar;C:\Users\zento\.m2\repository\org\apache\commons\commons-math3\3.6.1\commons-math3-3.6.1.jar;C:\Users\zento\.m2\repository\commons-io\commons-io\2.11.0\commons-io-2.11.0.jar;C:\Users\zento\.m2\repository\com\zaxxer\SparseBitSet\1.2\SparseBitSet-1.2.jar;C:\Users\zento\.m2\repository\org\apache\logging\log4j\log4j-api\2.18.0\log4j-api-2.18.0.jar;C:\Users\zento\.m2\repository\org\apache\poi\poi-ooxml\5.2.3\poi-ooxml-5.2.3.jar;C:\Users\zento\.m2\repository\org\apache\poi\poi-ooxml-lite\5.2.3\poi-ooxml-lite-5.2.3.jar;C:\Users\zento\.m2\repository\org\apache\xmlbeans\xmlbeans\5.1.1\xmlbeans-5.1.1.jar;C:\Users\zento\.m2\repository\org\apache\commons\commons-compress\1.21\commons-compress-1.21.jar;C:\Users\zento\.m2\repository\com\github\virtuald\curvesapi\1.07\curvesapi-1.07.jar;C:\Users\zento\.m2\repository\org\json\json\20240303\json-20240303.jar;C:\Users\zento\.m2\repository\com\aventstack\extentreports\5.1.1\extentreports-5.1.1.jar;C:\Users\zento\.m2\repository\io\reactivex\rxjava3\rxjava\3.1.6\rxjava-3.1.6.jar;C:\Users\zento\.m2\repository\org\reactivestreams\reactive-streams\1.0.4\reactive-streams-1.0.4.jar;C:\Users\zento\.m2\repository\org\freemarker\freemarker\2.3.32\freemarker-2.3.32.jar;C:\Users\zento\.m2\repository\org\projectlombok\lombok\1.18.26\lombok-1.18.26.jar;C:\Users\zento\.m2\repository\com\google\code\gson\gson\2.10.1\gson-2.10.1.jar;"/>
    <property name="sun.cpu.endian" value="little"/>
    <property name="user.home" value="C:\Users\zento"/>
    <property name="user.language" value="en"/>
    <property name="java.specification.vendor" value="Oracle Corporation"/>
    <property name="java.version.date" value="2025-04-15"/>
    <property name="java.home" value="C:\Users\zento\.p2\pool\plugins\org.eclipse.justj.openjdk.hotspot.jre.full.win32.x86_64_21.0.7.v20250502-0916\jre"/>
    <property name="file.separator" value="\"/>
    <property name="basedir" value="E:\Code\Cognizant_Java\internship\Sprint4"/>
    <property name="style.color" value="always"/>
    <property name="java.vm.compressedOopsMode" value="Zero based"/>
    <property name="line.separator" value="&#10;"/>
    <property name="java.vm.specification.vendor" value="Oracle Corporation"/>
    <property name="java.specification.name" value="Java Platform API Specification"/>
    <property name="surefire.real.class.path" value="C:\Users\zento\AppData\Local\Temp\surefire5094956288007290431\surefirebooter-20250813094506158_3.jar"/>
    <property name="user.script" value=""/>
    <property name="sun.management.compiler" value="HotSpot 64-Bit Tiered Compilers"/>
    <property name="java.runtime.version" value="21.0.7+6-LTS"/>
    <property name="user.name" value="zento"/>
    <property name="stdout.encoding" value="Cp1252"/>
    <property name="path.separator" value=";"/>
    <property name="os.version" value="10.0"/>
    <property name="java.runtime.name" value="OpenJDK Runtime Environment"/>
    <property name="file.encoding" value="UTF-8"/>
    <property name="java.vm.name" value="OpenJDK 64-Bit Server VM"/>
    <property name="java.vendor.version" value="Temurin-21.0.7+6"/>
    <property name="localRepository" value="C:\Users\zento\.m2\repository"/>
    <property name="java.vendor.url.bug" value="https://github.com/adoptium/adoptium-support/issues"/>
    <property name="java.io.tmpdir" value="C:\Users\zento\AppData\Local\Temp\"/>
    <property name="java.version" value="21.0.7"/>
    <property name="user.dir" value="E:\Code\Cognizant_Java\internship\Sprint4"/>
    <property name="os.arch" value="amd64"/>
    <property name="java.vm.specification.name" value="Java Virtual Machine Specification"/>
    <property name="sun.os.patch.level" value=""/>
    <property name="native.encoding" value="Cp1252"/>
    <property name="java.library.path" value="C:\Users\zento\.p2\pool\plugins\org.eclipse.justj.openjdk.hotspot.jre.full.win32.x86_64_21.0.7.v20250502-0916\jre\bin;C:\WINDOWS\Sun\Java\bin;C:\WINDOWS\system32;C:\WINDOWS;C:/Users/zento/.p2/pool/plugins/org.eclipse.justj.openjdk.hotspot.jre.full.win32.x86_64_21.0.7.v20250502-0916/jre/bin/server;C:/Users/zento/.p2/pool/plugins/org.eclipse.justj.openjdk.hotspot.jre.full.win32.x86_64_21.0.7.v20250502-0916/jre/bin;C:\Others\21c\dbhomeXE\bin;C:\Windows\system32;C:\Windows;C:\Windows\System32\Wbem;C:\Windows\System32\WindowsPowerShell\v1.0\;C:\Windows\System32\OpenSSH\;C:\Program Files (x86)\NVIDIA Corporation\PhysX\Common;C:\Program Files\Microsoft VS Code\bin;C:\Others\flutter\bin;C:\Others\mingw\bin;C:\Program Files\nodejs\;C:\ProgramData\chocolatey\bin;C:\Others\Java\jdk-17\bin;C:\Users\zento\AppData\Local\Pub\Cache\bin;C:\Users\zento\AppData\Local\Programs\Python\Python312\Scripts\;C:\Users\zento\AppData\Local\Programs\Python\Python312\;C:\Program Files\dotnet\;C:\Program Files\NVIDIA Corporation\NVIDIA app\NvDLISR;C:\WINDOWS\system32;C:\WINDOWS;C:\WINDOWS\System32\Wbem;C:\WINDOWS\System32\WindowsPowerShell\v1.0\;C:\WINDOWS\System32\OpenSSH\;C:\Program Files\wkhtmltopdf\bin;C:\Others\access;C:\Others\instantclient_23_7\;C:\Others\sqldeveloper\;C:\Program Files\Git\cmd;C:\Program Files\CMake\bin;C:\Others\Java\jdk-17\bin;C:\Others\apache-maven-3.9.11\bin;C:\Program Files\Jenkins;C:\Users\zento\AppData\Local\Programs\Python\Python312\Scripts\;C:\Users\zento\AppData\Local\Programs\Python\Python312\;C:\Program Files\Python313\;C:\Program Files\Python313\Scripts\;C:\Users\zento\AppData\Local\Microsoft\WindowsApps;C:\Others\flutter\bin;C:\Others\mingw\bin;C:\Users\zento\AppData\Roaming\npm;C:\Others\Java\jdk-17\bin;C:\Users\zento\AppData\Local\Pub\Cache\bin;C:\Users\zento\AppData\Local\Programs\Ollama;C:\Program Files\wkhtmltopdf\bin;C:\Program Files (x86)\MongoDB Atlas CLI\;?C:\Others\access;C:\Others\instantclient_23_7\;C:\Others\sqldeveloper\;C:\Others\Java\jdk-17\bin;C:\Others\apache-maven-3.9.11\bin;C:\Program Files\Jenkins;;C:\WINDOWS\system32;;."/>
    <property name="java.vm.info" value="mixed mode, sharing"/>
    <property name="stderr.encoding" value="Cp1252"/>
    <property name="java.vendor" value="Eclipse Adoptium"/>
    <property name="java.vm.version" value="21.0.7+6-LTS"/>
    <property name="sun.io.unicode.encoding" value="UnicodeLittle"/>
    <property name="java.class.version" value="65.0"/>
  </properties>
  <testcase name="addProduct[{&quot;amount&quot;:15000,&quot;name&quot;:&quot;Mobile&quot;,&quot;id&quot;:1}](1)" classname="apitestingsuite.ProductAPITesting" time="0.169">
    <system-err><![CDATA[SLF4J: Failed to load class "org.slf4j.impl.StaticLoggerBinder".
SLF4J: Defaulting to no-operation (NOP) logger implementation
SLF4J: See http://www.slf4j.org/codes.html#StaticLoggerBinder for further details.
]]></system-err>
  </testcase>
  <testcase name="addProduct[{&quot;amount&quot;:60000,&quot;name&quot;:&quot;Laptop&quot;,&quot;id&quot;:2}](2)" classname="apitestingsuite.ProductAPITesting" time="0.149"/>
  <testcase name="addProduct[{&quot;amount&quot;:40000,&quot;name&quot;:&quot;SmartTv&quot;,&quot;id&quot;:3}](3)" classname="apitestingsuite.ProductAPITesting" time="0.152"/>
  <testcase name="addProduct[{&quot;amount&quot;:45000,&quot;name&quot;:&quot;TV&quot;,&quot;id&quot;:4}](4)" classname="apitestingsuite.ProductAPITesting" time="0.13"/>
  <testcase name="addProduct[{&quot;amount&quot;:3500,&quot;name&quot;:&quot;Headphone&quot;,&quot;id&quot;:5}](5)" classname="apitestingsuite.ProductAPITesting" time="0.15"/>
  <testcase name="deleteProdcutbyId[{&quot;amount&quot;:15000,&quot;name&quot;:&quot;Mobile&quot;,&quot;id&quot;:1}](1)" classname="apitestingsuite.ProductAPITesting" time="0.145"/>
  <testcase name="deleteProdcutbyId[{&quot;amount&quot;:60000,&quot;name&quot;:&quot;Laptop&quot;,&quot;id&quot;:2}](2)" classname="apitestingsuite.ProductAPITesting" time="0.142"/>
  <testcase name="deleteProdcutbyId[{&quot;amount&quot;:40000,&quot;name&quot;:&quot;SmartTv&quot;,&quot;id&quot;:3}](3)" classname="apitestingsuite.ProductAPITesting" time="0.137"/>
  <testcase name="deleteProdcutbyId[{&quot;amount&quot;:45000,&quot;name&quot;:&quot;TV&quot;,&quot;id&quot;:4}](4)" classname="apitestingsuite.ProductAPITesting" time="0.137"/>
  <testcase name="deleteProdcutbyId[{&quot;amount&quot;:3500,&quot;name&quot;:&quot;Headphone&quot;,&quot;id&quot;:5}](5)" classname="apitestingsuite.ProductAPITesting" time="0.132"/>
  <testcase name="updateProduct[{&quot;amount&quot;:15000,&quot;name&quot;:&quot;Mobile&quot;,&quot;id&quot;:1}](1)" classname="apitestingsuite.ProductAPITesting" time="0.135"/>
  <testcase name="updateProduct[{&quot;amount&quot;:60000,&quot;name&quot;:&quot;Laptop&quot;,&quot;id&quot;:2}](2)" classname="apitestingsuite.ProductAPITesting" time="0.141"/>
  <testcase name="updateProduct[{&quot;amount&quot;:40000,&quot;name&quot;:&quot;SmartTv&quot;,&quot;id&quot;:3}](3)" classname="apitestingsuite.ProductAPITesting" time="0.148"/>
  <testcase name="updateProduct[{&quot;amount&quot;:45000,&quot;name&quot;:&quot;TV&quot;,&quot;id&quot;:4}](4)" classname="apitestingsuite.ProductAPITesting" time="0.138"/>
  <testcase name="updateProduct[{&quot;amount&quot;:3500,&quot;name&quot;:&quot;Headphone&quot;,&quot;id&quot;:5}](5)" classname="apitestingsuite.ProductAPITesting" time="0.126"/>
  <testcase name="viewAllProducts[{&quot;amount&quot;:15000,&quot;name&quot;:&quot;Mobile&quot;,&quot;id&quot;:1}](1)" classname="apitestingsuite.ProductAPITesting" time="0.147"/>
  <testcase name="viewAllProducts[{&quot;amount&quot;:60000,&quot;name&quot;:&quot;Laptop&quot;,&quot;id&quot;:2}](2)" classname="apitestingsuite.ProductAPITesting" time="0.146"/>
  <testcase name="viewAllProducts[{&quot;amount&quot;:40000,&quot;name&quot;:&quot;SmartTv&quot;,&quot;id&quot;:3}](3)" classname="apitestingsuite.ProductAPITesting" time="0.143"/>
  <testcase name="viewAllProducts[{&quot;amount&quot;:45000,&quot;name&quot;:&quot;TV&quot;,&quot;id&quot;:4}](4)" classname="apitestingsuite.ProductAPITesting" time="0.13"/>
  <testcase name="viewAllProducts[{&quot;amount&quot;:3500,&quot;name&quot;:&quot;Headphone&quot;,&quot;id&quot;:5}](5)" classname="apitestingsuite.ProductAPITesting" time="0.144"/>
  <testcase name="viewProductbyId[{&quot;amount&quot;:15000,&quot;name&quot;:&quot;Mobile&quot;,&quot;id&quot;:1}](1)" classname="apitestingsuite.ProductAPITesting" time="0.128"/>
  <testcase name="viewProductbyId[{&quot;amount&quot;:60000,&quot;name&quot;:&quot;Laptop&quot;,&quot;id&quot;:2}](2)" classname="apitestingsuite.ProductAPITesting" time="0.158"/>
  <testcase name="viewProductbyId[{&quot;amount&quot;:40000,&quot;name&quot;:&quot;SmartTv&quot;,&quot;id&quot;:3}](3)" classname="apitestingsuite.ProductAPITesting" time="0.138"/>
  <testcase name="viewProductbyId[{&quot;amount&quot;:45000,&quot;name&quot;:&quot;TV&quot;,&quot;id&quot;:4}](4)" classname="apitestingsuite.ProductAPITesting" time="0.13"/>
  <testcase name="viewProductbyId[{&quot;amount&quot;:3500,&quot;name&quot;:&quot;Headphone&quot;,&quot;id&quot;:5}](5)" classname="apitestingsuite.ProductAPITesting" time="0.128"/>
  <testcase name="viewProductbyName[{&quot;amount&quot;:15000,&quot;name&quot;:&quot;Mobile&quot;,&quot;id&quot;:1}](1)" classname="apitestingsuite.ProductAPITesting" time="0.135"/>
  <testcase name="viewProductbyName[{&quot;amount&quot;:60000,&quot;name&quot;:&quot;Laptop&quot;,&quot;id&quot;:2}](2)" classname="apitestingsuite.ProductAPITesting" time="0.134"/>
  <testcase name="viewProductbyName[{&quot;amount&quot;:40000,&quot;name&quot;:&quot;SmartTv&quot;,&quot;id&quot;:3}](3)" classname="apitestingsuite.ProductAPITesting" time="0.137"/>
  <testcase name="viewProductbyName[{&quot;amount&quot;:45000,&quot;name&quot;:&quot;TV&quot;,&quot;id&quot;:4}](4)" classname="apitestingsuite.ProductAPITesting" time="0.136"/>
  <testcase name="viewProductbyName[{&quot;amount&quot;:3500,&quot;name&quot;:&quot;Headphone&quot;,&quot;id&quot;:5}](5)" classname="apitestingsuite.ProductAPITesting" time="0.138"/>
</testsuite>