<?xml version="1.0" encoding="UTF-8"?>
<!-- Generated by org.testng.reporters.JUnitReportReporter -->
<testsuite hostname="MSI" failures="0" tests="30" name="apitestingsuite.ProductAPITesting" time="4.532" errors="0" timestamp="2025-08-13T19:22:26 IST" skipped="0">
  <testcase classname="apitestingsuite.ProductAPITesting" name="deleteProdcutbyId" time="0.146"/>
  <testcase classname="apitestingsuite.ProductAPITesting" name="addProduct" time="0.186"/>
  <testcase classname="apitestingsuite.ProductAPITesting" name="viewAllProducts" time="0.158"/>
  <testcase classname="apitestingsuite.ProductAPITesting" name="addProduct" time="0.151"/>
  <testcase classname="apitestingsuite.ProductAPITesting" name="viewProductbyId" time="0.146"/>
  <testcase classname="apitestingsuite.ProductAPITesting" name="updateProduct" time="0.144"/>
  <testcase classname="apitestingsuite.ProductAPITesting" name="updateProduct" time="0.150"/>
  <testcase classname="apitestingsuite.ProductAPITesting" name="deleteProdcutbyId" time="0.146"/>
  <testcase classname="apitestingsuite.ProductAPITesting" name="updateProduct" time="0.163"/>
  <testcase classname="apitestingsuite.ProductAPITesting" name="viewProductbyName" time="0.148"/>
  <testcase classname="apitestingsuite.ProductAPITesting" name="deleteProdcutbyId" time="0.151"/>
  <testcase classname="apitestingsuite.ProductAPITesting" name="deleteProdcutbyId" time="0.136"/>
  <testcase classname="apitestingsuite.ProductAPITesting" name="addProduct" time="0.153"/>
  <testcase classname="apitestingsuite.ProductAPITesting" name="viewProductbyName" time="0.136"/>
  <testcase classname="apitestingsuite.ProductAPITesting" name="viewProductbyId" time="0.144"/>
  <testcase classname="apitestingsuite.ProductAPITesting" name="viewProductbyId" time="0.142"/>
  <testcase classname="apitestingsuite.ProductAPITesting" name="addProduct" time="0.166"/>
  <testcase classname="apitestingsuite.ProductAPITesting" name="viewProductbyName" time="0.134"/>
  <testcase classname="apitestingsuite.ProductAPITesting" name="viewAllProducts" time="0.143"/>
  <testcase classname="apitestingsuite.ProductAPITesting" name="viewAllProducts" time="0.142"/>
  <testcase classname="apitestingsuite.ProductAPITesting" name="viewProductbyName" time="0.190"/>
  <testcase classname="apitestingsuite.ProductAPITesting" name="updateProduct" time="0.145"/>
  <testcase classname="apitestingsuite.ProductAPITesting" name="addProduct" time="0.151"/>
  <testcase classname="apitestingsuite.ProductAPITesting" name="viewProductbyName" time="0.201"/>
  <testcase classname="apitestingsuite.ProductAPITesting" name="viewAllProducts" time="0.148"/>
  <testcase classname="apitestingsuite.ProductAPITesting" name="viewProductbyId" time="0.137"/>
  <testcase classname="apitestingsuite.ProductAPITesting" name="viewProductbyId" time="0.147"/>
  <testcase classname="apitestingsuite.ProductAPITesting" name="updateProduct" time="0.136"/>
  <testcase classname="apitestingsuite.ProductAPITesting" name="deleteProdcutbyId" time="0.152"/>
  <testcase classname="apitestingsuite.ProductAPITesting" name="viewAllProducts" time="0.140"/>
</testsuite> <!-- apitestingsuite.ProductAPITesting -->
