<?xml version="1.0" encoding="UTF-8"?>
<!-- Generated by org.testng.reporters.JUnitReportReporter -->
<testsuite hostname="MSI" failures="0" tests="1" name="apitestingsuite.APITesting" time="0.180" errors="0" timestamp="2025-08-10T14:45:24 IST" skipped="0">
  <testcase classname="apitestingsuite.APITesting" name="addProduct" time="0.180"/>
</testsuite> <!-- apitestingsuite.APITesting -->
