<?xml version="1.0" encoding="UTF-8"?>
<!-- Generated by org.testng.reporters.JUnitReportReporter -->
<testsuite hostname="MSI" failures="0" tests="30" name="apitestingsuite.ProductAPITesting" time="4.471" errors="0" timestamp="2025-08-12T00:25:37 IST" skipped="0">
  <testcase classname="apitestingsuite.ProductAPITesting" name="viewProductbyName" time="0.133"/>
  <testcase classname="apitestingsuite.ProductAPITesting" name="addProduct" time="0.144"/>
  <testcase classname="apitestingsuite.ProductAPITesting" name="deleteProdcutbyId" time="0.152"/>
  <testcase classname="apitestingsuite.ProductAPITesting" name="deleteProdcutbyId" time="0.136"/>
  <testcase classname="apitestingsuite.ProductAPITesting" name="viewProductbyId" time="0.134"/>
  <testcase classname="apitestingsuite.ProductAPITesting" name="addProduct" time="0.164"/>
  <testcase classname="apitestingsuite.ProductAPITesting" name="addProduct" time="0.135"/>
  <testcase classname="apitestingsuite.ProductAPITesting" name="deleteProdcutbyId" time="0.127"/>
  <testcase classname="apitestingsuite.ProductAPITesting" name="addProduct" time="0.138"/>
  <testcase classname="apitestingsuite.ProductAPITesting" name="addProduct" time="0.139"/>
  <testcase classname="apitestingsuite.ProductAPITesting" name="updateProduct" time="0.136"/>
  <testcase classname="apitestingsuite.ProductAPITesting" name="viewProductbyId" time="0.438"/>
  <testcase classname="apitestingsuite.ProductAPITesting" name="viewProductbyId" time="0.137"/>
  <testcase classname="apitestingsuite.ProductAPITesting" name="viewProductbyName" time="0.147"/>
  <testcase classname="apitestingsuite.ProductAPITesting" name="viewProductbyName" time="0.146"/>
  <testcase classname="apitestingsuite.ProductAPITesting" name="deleteProdcutbyId" time="0.140"/>
  <testcase classname="apitestingsuite.ProductAPITesting" name="updateProduct" time="0.134"/>
  <testcase classname="apitestingsuite.ProductAPITesting" name="viewProductbyId" time="0.168"/>
  <testcase classname="apitestingsuite.ProductAPITesting" name="updateProduct" time="0.139"/>
  <testcase classname="apitestingsuite.ProductAPITesting" name="deleteProdcutbyId" time="0.138"/>
  <testcase classname="apitestingsuite.ProductAPITesting" name="viewProductbyId" time="0.131"/>
  <testcase classname="apitestingsuite.ProductAPITesting" name="viewAllProducts" time="0.135"/>
  <testcase classname="apitestingsuite.ProductAPITesting" name="viewAllProducts" time="0.134"/>
  <testcase classname="apitestingsuite.ProductAPITesting" name="viewAllProducts" time="0.149"/>
  <testcase classname="apitestingsuite.ProductAPITesting" name="viewAllProducts" time="0.129"/>
  <testcase classname="apitestingsuite.ProductAPITesting" name="viewProductbyName" time="0.128"/>
  <testcase classname="apitestingsuite.ProductAPITesting" name="viewProductbyName" time="0.131"/>
  <testcase classname="apitestingsuite.ProductAPITesting" name="viewAllProducts" time="0.134"/>
  <testcase classname="apitestingsuite.ProductAPITesting" name="updateProduct" time="0.136"/>
  <testcase classname="apitestingsuite.ProductAPITesting" name="updateProduct" time="0.139"/>
</testsuite> <!-- apitestingsuite.ProductAPITesting -->
