<?xml version="1.0" encoding="UTF-8"?>
<!-- Generated by org.testng.reporters.JUnitReportReporter -->
<testsuite hostname="MSI" failures="0" tests="30" name="apitestingsuite.ProductAPITesting" time="4.341" errors="0" timestamp="2025-08-12T18:33:14 IST" skipped="0">
  <testcase classname="apitestingsuite.ProductAPITesting" name="deleteProdcutbyId" time="0.143"/>
  <testcase classname="apitestingsuite.ProductAPITesting" name="viewProductbyId" time="0.139"/>
  <testcase classname="apitestingsuite.ProductAPITesting" name="viewProductbyId" time="0.141"/>
  <testcase classname="apitestingsuite.ProductAPITesting" name="updateProduct" time="0.140"/>
  <testcase classname="apitestingsuite.ProductAPITesting" name="viewAllProducts" time="0.156"/>
  <testcase classname="apitestingsuite.ProductAPITesting" name="addProduct" time="0.142"/>
  <testcase classname="apitestingsuite.ProductAPITesting" name="updateProduct" time="0.152"/>
  <testcase classname="apitestingsuite.ProductAPITesting" name="viewAllProducts" time="0.136"/>
  <testcase classname="apitestingsuite.ProductAPITesting" name="viewProductbyName" time="0.136"/>
  <testcase classname="apitestingsuite.ProductAPITesting" name="viewProductbyName" time="0.139"/>
  <testcase classname="apitestingsuite.ProductAPITesting" name="viewAllProducts" time="0.138"/>
  <testcase classname="apitestingsuite.ProductAPITesting" name="viewProductbyName" time="0.139"/>
  <testcase classname="apitestingsuite.ProductAPITesting" name="viewProductbyId" time="0.138"/>
  <testcase classname="apitestingsuite.ProductAPITesting" name="addProduct" time="0.158"/>
  <testcase classname="apitestingsuite.ProductAPITesting" name="viewProductbyId" time="0.141"/>
  <testcase classname="apitestingsuite.ProductAPITesting" name="addProduct" time="0.145"/>
  <testcase classname="apitestingsuite.ProductAPITesting" name="deleteProdcutbyId" time="0.146"/>
  <testcase classname="apitestingsuite.ProductAPITesting" name="viewProductbyName" time="0.144"/>
  <testcase classname="apitestingsuite.ProductAPITesting" name="viewAllProducts" time="0.138"/>
  <testcase classname="apitestingsuite.ProductAPITesting" name="deleteProdcutbyId" time="0.139"/>
  <testcase classname="apitestingsuite.ProductAPITesting" name="addProduct" time="0.179"/>
  <testcase classname="apitestingsuite.ProductAPITesting" name="addProduct" time="0.160"/>
  <testcase classname="apitestingsuite.ProductAPITesting" name="deleteProdcutbyId" time="0.142"/>
  <testcase classname="apitestingsuite.ProductAPITesting" name="deleteProdcutbyId" time="0.148"/>
  <testcase classname="apitestingsuite.ProductAPITesting" name="updateProduct" time="0.165"/>
  <testcase classname="apitestingsuite.ProductAPITesting" name="viewProductbyId" time="0.133"/>
  <testcase classname="apitestingsuite.ProductAPITesting" name="updateProduct" time="0.138"/>
  <testcase classname="apitestingsuite.ProductAPITesting" name="viewProductbyName" time="0.132"/>
  <testcase classname="apitestingsuite.ProductAPITesting" name="updateProduct" time="0.148"/>
  <testcase classname="apitestingsuite.ProductAPITesting" name="viewAllProducts" time="0.146"/>
</testsuite> <!-- apitestingsuite.ProductAPITesting -->
