<?xml version="1.0" encoding="UTF-8"?>
<!-- Generated by org.testng.reporters.JUnitReportReporter -->
<testsuite hostname="MSI" failures="0" tests="30" name="apitestingsuite.ProductAPITesting" time="4.657" errors="0" timestamp="2025-08-27T15:53:28 IST" skipped="0">
  <testcase classname="apitestingsuite.ProductAPITesting" name="updateProduct" time="0.148"/>
  <testcase classname="apitestingsuite.ProductAPITesting" name="viewProductbyId" time="0.137"/>
  <testcase classname="apitestingsuite.ProductAPITesting" name="updateProduct" time="0.142"/>
  <testcase classname="apitestingsuite.ProductAPITesting" name="deleteProdcutbyId" time="0.167"/>
  <testcase classname="apitestingsuite.ProductAPITesting" name="viewProductbyName" time="0.174"/>
  <testcase classname="apitestingsuite.ProductAPITesting" name="viewAllProducts" time="0.137"/>
  <testcase classname="apitestingsuite.ProductAPITesting" name="deleteProdcutbyId" time="0.154"/>
  <testcase classname="apitestingsuite.ProductAPITesting" name="viewProductbyId" time="0.155"/>
  <testcase classname="apitestingsuite.ProductAPITesting" name="viewProductbyName" time="0.157"/>
  <testcase classname="apitestingsuite.ProductAPITesting" name="viewAllProducts" time="0.144"/>
  <testcase classname="apitestingsuite.ProductAPITesting" name="viewProductbyId" time="0.156"/>
  <testcase classname="apitestingsuite.ProductAPITesting" name="viewProductbyName" time="0.159"/>
  <testcase classname="apitestingsuite.ProductAPITesting" name="deleteProdcutbyId" time="0.161"/>
  <testcase classname="apitestingsuite.ProductAPITesting" name="addProduct" time="0.150"/>
  <testcase classname="apitestingsuite.ProductAPITesting" name="viewProductbyName" time="0.139"/>
  <testcase classname="apitestingsuite.ProductAPITesting" name="deleteProdcutbyId" time="0.161"/>
  <testcase classname="apitestingsuite.ProductAPITesting" name="addProduct" time="0.160"/>
  <testcase classname="apitestingsuite.ProductAPITesting" name="updateProduct" time="0.166"/>
  <testcase classname="apitestingsuite.ProductAPITesting" name="addProduct" time="0.154"/>
  <testcase classname="apitestingsuite.ProductAPITesting" name="viewAllProducts" time="0.195"/>
  <testcase classname="apitestingsuite.ProductAPITesting" name="viewProductbyId" time="0.146"/>
  <testcase classname="apitestingsuite.ProductAPITesting" name="viewAllProducts" time="0.146"/>
  <testcase classname="apitestingsuite.ProductAPITesting" name="addProduct" time="0.208"/>
  <testcase classname="apitestingsuite.ProductAPITesting" name="deleteProdcutbyId" time="0.152"/>
  <testcase classname="apitestingsuite.ProductAPITesting" name="updateProduct" time="0.147"/>
  <testcase classname="apitestingsuite.ProductAPITesting" name="updateProduct" time="0.134"/>
  <testcase classname="apitestingsuite.ProductAPITesting" name="viewAllProducts" time="0.162"/>
  <testcase classname="apitestingsuite.ProductAPITesting" name="viewProductbyName" time="0.145"/>
  <testcase classname="apitestingsuite.ProductAPITesting" name="addProduct" time="0.154"/>
  <testcase classname="apitestingsuite.ProductAPITesting" name="viewProductbyId" time="0.147"/>
</testsuite> <!-- apitestingsuite.ProductAPITesting -->
