<?xml version="1.0" encoding="UTF-8"?>
<!-- Generated by org.testng.reporters.JUnitReportReporter -->
<testsuite hostname="MSI" failures="0" tests="30" name="apitestingsuite.ProductAPITesting" time="4.585" errors="0" timestamp="2025-08-13T14:37:09 IST" skipped="0">
  <testcase classname="apitestingsuite.ProductAPITesting" name="addProduct" time="0.222"/>
  <testcase classname="apitestingsuite.ProductAPITesting" name="viewProductbyName" time="0.149"/>
  <testcase classname="apitestingsuite.ProductAPITesting" name="viewProductbyId" time="0.145"/>
  <testcase classname="apitestingsuite.ProductAPITesting" name="viewProductbyName" time="0.138"/>
  <testcase classname="apitestingsuite.ProductAPITesting" name="deleteProdcutbyId" time="0.149"/>
  <testcase classname="apitestingsuite.ProductAPITesting" name="deleteProdcutbyId" time="0.147"/>
  <testcase classname="apitestingsuite.ProductAPITesting" name="deleteProdcutbyId" time="0.153"/>
  <testcase classname="apitestingsuite.ProductAPITesting" name="addProduct" time="0.144"/>
  <testcase classname="apitestingsuite.ProductAPITesting" name="deleteProdcutbyId" time="0.161"/>
  <testcase classname="apitestingsuite.ProductAPITesting" name="addProduct" time="0.170"/>
  <testcase classname="apitestingsuite.ProductAPITesting" name="viewProductbyId" time="0.142"/>
  <testcase classname="apitestingsuite.ProductAPITesting" name="viewAllProducts" time="0.139"/>
  <testcase classname="apitestingsuite.ProductAPITesting" name="viewAllProducts" time="0.143"/>
  <testcase classname="apitestingsuite.ProductAPITesting" name="viewProductbyId" time="0.150"/>
  <testcase classname="apitestingsuite.ProductAPITesting" name="addProduct" time="0.150"/>
  <testcase classname="apitestingsuite.ProductAPITesting" name="viewProductbyName" time="0.156"/>
  <testcase classname="apitestingsuite.ProductAPITesting" name="updateProduct" time="0.158"/>
  <testcase classname="apitestingsuite.ProductAPITesting" name="viewProductbyName" time="0.152"/>
  <testcase classname="apitestingsuite.ProductAPITesting" name="viewProductbyId" time="0.155"/>
  <testcase classname="apitestingsuite.ProductAPITesting" name="updateProduct" time="0.159"/>
  <testcase classname="apitestingsuite.ProductAPITesting" name="viewAllProducts" time="0.164"/>
  <testcase classname="apitestingsuite.ProductAPITesting" name="updateProduct" time="0.152"/>
  <testcase classname="apitestingsuite.ProductAPITesting" name="viewAllProducts" time="0.149"/>
  <testcase classname="apitestingsuite.ProductAPITesting" name="addProduct" time="0.159"/>
  <testcase classname="apitestingsuite.ProductAPITesting" name="viewProductbyName" time="0.137"/>
  <testcase classname="apitestingsuite.ProductAPITesting" name="deleteProdcutbyId" time="0.153"/>
  <testcase classname="apitestingsuite.ProductAPITesting" name="viewAllProducts" time="0.153"/>
  <testcase classname="apitestingsuite.ProductAPITesting" name="viewProductbyId" time="0.152"/>
  <testcase classname="apitestingsuite.ProductAPITesting" name="updateProduct" time="0.135"/>
  <testcase classname="apitestingsuite.ProductAPITesting" name="updateProduct" time="0.149"/>
</testsuite> <!-- apitestingsuite.ProductAPITesting -->
