<?xml version="1.0" encoding="UTF-8"?>
<!-- Generated by org.testng.reporters.JUnitReportReporter -->
<testsuite hostname="MSI" failures="0" tests="30" name="apitestingsuite.ProductAPITesting" time="4.199" errors="0" timestamp="2025-08-13T09:45:12 IST" skipped="0">
  <testcase classname="apitestingsuite.ProductAPITesting" name="updateProduct" time="0.141"/>
  <testcase classname="apitestingsuite.ProductAPITesting" name="updateProduct" time="0.134"/>
  <testcase classname="apitestingsuite.ProductAPITesting" name="viewProductbyId" time="0.138"/>
  <testcase classname="apitestingsuite.ProductAPITesting" name="viewProductbyName" time="0.135"/>
  <testcase classname="apitestingsuite.ProductAPITesting" name="addProduct" time="0.150"/>
  <testcase classname="apitestingsuite.ProductAPITesting" name="viewAllProducts" time="0.139"/>
  <testcase classname="apitestingsuite.ProductAPITesting" name="viewProductbyName" time="0.137"/>
  <testcase classname="apitestingsuite.ProductAPITesting" name="viewAllProducts" time="0.131"/>
  <testcase classname="apitestingsuite.ProductAPITesting" name="addProduct" time="0.130"/>
  <testcase classname="apitestingsuite.ProductAPITesting" name="viewProductbyId" time="0.128"/>
  <testcase classname="apitestingsuite.ProductAPITesting" name="viewProductbyId" time="0.128"/>
  <testcase classname="apitestingsuite.ProductAPITesting" name="viewProductbyName" time="0.136"/>
  <testcase classname="apitestingsuite.ProductAPITesting" name="addProduct" time="0.151"/>
  <testcase classname="apitestingsuite.ProductAPITesting" name="updateProduct" time="0.149"/>
  <testcase classname="apitestingsuite.ProductAPITesting" name="deleteProdcutbyId" time="0.144"/>
  <testcase classname="apitestingsuite.ProductAPITesting" name="deleteProdcutbyId" time="0.138"/>
  <testcase classname="apitestingsuite.ProductAPITesting" name="viewAllProducts" time="0.145"/>
  <testcase classname="apitestingsuite.ProductAPITesting" name="addProduct" time="0.168"/>
  <testcase classname="apitestingsuite.ProductAPITesting" name="viewAllProducts" time="0.147"/>
  <testcase classname="apitestingsuite.ProductAPITesting" name="deleteProdcutbyId" time="0.136"/>
  <testcase classname="apitestingsuite.ProductAPITesting" name="viewProductbyName" time="0.138"/>
  <testcase classname="apitestingsuite.ProductAPITesting" name="viewProductbyName" time="0.135"/>
  <testcase classname="apitestingsuite.ProductAPITesting" name="deleteProdcutbyId" time="0.143"/>
  <testcase classname="apitestingsuite.ProductAPITesting" name="viewAllProducts" time="0.146"/>
  <testcase classname="apitestingsuite.ProductAPITesting" name="updateProduct" time="0.126"/>
  <testcase classname="apitestingsuite.ProductAPITesting" name="viewProductbyId" time="0.157"/>
  <testcase classname="apitestingsuite.ProductAPITesting" name="deleteProdcutbyId" time="0.131"/>
  <testcase classname="apitestingsuite.ProductAPITesting" name="updateProduct" time="0.137"/>
  <testcase classname="apitestingsuite.ProductAPITesting" name="viewProductbyId" time="0.129"/>
  <testcase classname="apitestingsuite.ProductAPITesting" name="addProduct" time="0.152"/>
</testsuite> <!-- apitestingsuite.ProductAPITesting -->
